<?xml version="1.0" encoding="UTF-8"?>
<testng-results ignored="0" total="1" passed="1" failed="0" skipped="0">
  <reporter-output>
  </reporter-output>
  <suite started-at="2025-05-17T20:12:50 IST" name="Default suite" finished-at="2025-05-17T20:12:57 IST" duration-ms="7359">
    <groups>
    </groups>
    <test started-at="2025-05-17T20:12:50 IST" name="Default test" finished-at="2025-05-17T20:12:57 IST" duration-ms="7359">
      <class name="Pages.BrowserInvoke">
        <test-method signature="browser()[pri:0, instance:Pages.BrowserInvoke@1caa0244]" started-at="2025-05-17T20:12:50 IST" name="browser" finished-at="2025-05-17T20:12:57 IST" duration-ms="7251" status="PASS">
          <reporter-output>
          </reporter-output>
        </test-method> <!-- browser -->
      </class> <!-- Pages.BrowserInvoke -->
    </test> <!-- Default test -->
  </suite> <!-- Default suite -->
</testng-results>
